---------- Date: 2017-12-11 12:47:44 ~ IP : 94.155.19.69 ----------
REQUEST URI : /admin/index.php?route=tool/nitro&amp;token=c391308419a5f7c7088e8fc6f777cde4
MOD DETAILS:
   modFile   : /customers/d/d/e/smartviking.no/httpd.www/vqmod/xml/nitro_db.xml
   id        : NitroPack Database Singleton
   version   : 1.8.12
   vqmver    : 2.x
   author    : iSenseLabs | http://isenselabs.com

File Name    : system/library/db.php(0)
VQModObject::applyMod - SEARCH NOT FOUND (SKIPPED): if (file_exists($file)) {

----------------------------------------------------------------------


---------- Date: 2017-12-11 12:50:34 ~ IP : 193.202.110.19 ----------
REQUEST URI : /admin/
MOD DETAILS:
   modFile   : /customers/d/d/e/smartviking.no/httpd.www/vqmod/xml/nitro_db.xml
   id        : NitroPack Database Singleton
   version   : 1.8.12
   vqmver    : 2.x
   author    : iSenseLabs | http://isenselabs.com

File Name    : system/library/db.php(0)
VQModObject::applyMod - SEARCH NOT FOUND (SKIPPED): if (file_exists($file)) {

----------------------------------------------------------------------


---------- Date: 2017-12-11 12:52:29 ~ IP : 46.101.32.123 ----------
REQUEST URI : /index.php?route=product/category&amp;path=94&amp;nopagecache=1512996747.3115
MOD DETAILS:
   modFile   : /customers/d/d/e/smartviking.no/httpd.www/vqmod/xml/smart_microdata.xml
   id        : Smart Microdata
   version   : 1.0
   vqmver    : 2.3.0
   author    : ovife21

File Name    : catalog/view/theme/*/template/product/category.tpl(0)
VQModObject::applyMod - SEARCH NOT FOUND (ABORTING MOD): <h1

----------------------------------------------------------------------


---------- Date: 2017-12-11 13:10:33 ~ IP : 185.94.219.159 ----------
REQUEST URI : /3d-vaskbar-barbermaskin-no.html
MOD DETAILS:
   modFile   : /customers/d/d/e/smartviking.no/httpd.www/vqmod/xml/nitro_db.xml
   id        : NitroPack Database Singleton
   version   : 1.8.12
   vqmver    : 2.x
   author    : iSenseLabs | http://isenselabs.com

File Name    : system/library/db.php(0)
VQModObject::applyMod - SEARCH NOT FOUND (SKIPPED): if (file_exists($file)) {

----------------------------------------------------------------------


---------- Date: 2017-12-11 13:10:45 ~ IP : 185.94.219.159 ----------
REQUEST URI : /lyd-bilde-data-mobil-no/
MOD DETAILS:
   modFile   : /customers/d/d/e/smartviking.no/httpd.www/vqmod/xml/smart_microdata.xml
   id        : Smart Microdata
   version   : 1.0
   vqmver    : 2.3.0
   author    : ovife21

File Name    : catalog/view/theme/*/template/product/category.tpl(0)
VQModObject::applyMod - SEARCH NOT FOUND (ABORTING MOD): <h1

----------------------------------------------------------------------


---------- Date: 2017-12-11 13:42:18 ~ IP : 90.149.53.73 ----------
REQUEST URI : /sport-and-fritid-no/
MOD DETAILS:
   modFile   : /customers/d/d/e/smartviking.no/httpd.www/vqmod/xml/nitro_db.xml
   id        : NitroPack Database Singleton
   version   : 1.8.12
   vqmver    : 2.x
   author    : iSenseLabs | http://isenselabs.com

File Name    : system/library/db.php(0)
VQModObject::applyMod - SEARCH NOT FOUND (SKIPPED): if (file_exists($file)) {

MOD DETAILS:
   modFile   : /customers/d/d/e/smartviking.no/httpd.www/vqmod/xml/smart_microdata.xml
   id        : Smart Microdata
   version   : 1.0
   vqmver    : 2.3.0
   author    : ovife21

File Name    : catalog/view/theme/*/template/product/category.tpl(0)
VQModObject::applyMod - SEARCH NOT FOUND (ABORTING MOD): <h1

----------------------------------------------------------------------


---------- Date: 2017-12-11 15:54:24 ~ IP : 66.249.69.35 ----------
REQUEST URI : /helse-and-sport-no/hallux-valgus-comfort-no.html
MOD DETAILS:
   modFile   : /customers/d/d/e/smartviking.no/httpd.www/vqmod/xml/nitro_db.xml
   id        : NitroPack Database Singleton
   version   : 1.8.12
   vqmver    : 2.x
   author    : iSenseLabs | http://isenselabs.com

File Name    : system/library/db.php(0)
VQModObject::applyMod - SEARCH NOT FOUND (SKIPPED): if (file_exists($file)) {

----------------------------------------------------------------------


---------- Date: 2017-12-11 15:54:37 ~ IP : 185.94.219.159 ----------
REQUEST URI : /hjem-no/baby-monitor-barnevakt-no.html
MOD DETAILS:
   modFile   : /customers/d/d/e/smartviking.no/httpd.www/vqmod/xml/nitro_db.xml
   id        : NitroPack Database Singleton
   version   : 1.8.12
   vqmver    : 2.x
   author    : iSenseLabs | http://isenselabs.com

File Name    : system/library/db.php(0)
VQModObject::applyMod - SEARCH NOT FOUND (SKIPPED): if (file_exists($file)) {

----------------------------------------------------------------------


---------- Date: 2017-12-11 15:55:59 ~ IP : 185.94.219.159 ----------
REQUEST URI : /admin/index.php?route=tool/nitro&amp;token=2afeb293b56d7e7f989abb21ccb7d834
MOD DETAILS:
   modFile   : /customers/d/d/e/smartviking.no/httpd.www/vqmod/xml/nitro_db.xml
   id        : NitroPack Database Singleton
   version   : 1.8.12
   vqmver    : 2.x
   author    : iSenseLabs | http://isenselabs.com

File Name    : system/library/db.php(0)
VQModObject::applyMod - SEARCH NOT FOUND (SKIPPED): if (file_exists($file)) {

----------------------------------------------------------------------


---------- Date: 2017-12-11 15:56:16 ~ IP : 185.94.219.159 ----------
REQUEST URI : /admin/index.php?route=tool/nitro&amp;token=2afeb293b56d7e7f989abb21ccb7d834
MOD DETAILS:
   modFile   : /customers/d/d/e/smartviking.no/httpd.www/vqmod/xml/nitro_db.xml
   id        : NitroPack Database Singleton
   version   : 1.8.12
   vqmver    : 2.x
   author    : iSenseLabs | http://isenselabs.com

File Name    : system/library/db.php(0)
VQModObject::applyMod - SEARCH NOT FOUND (SKIPPED): if (file_exists($file)) {

----------------------------------------------------------------------


---------- Date: 2017-12-11 16:03:03 ~ IP : 207.46.13.81 ----------
REQUEST URI : /bil
MOD DETAILS:
   modFile   : /customers/d/d/e/smartviking.no/httpd.www/vqmod/xml/smart_microdata.xml
   id        : Smart Microdata
   version   : 1.0
   vqmver    : 2.3.0
   author    : ovife21

File Name    : catalog/view/theme/*/template/product/category.tpl(0)
VQModObject::applyMod - SEARCH NOT FOUND (ABORTING MOD): <h1

----------------------------------------------------------------------


---------- Date: 2017-12-11 16:08:48 ~ IP : 185.94.219.159 ----------
REQUEST URI : /hjem-no/baby-monitor-barnevakt-no.html
MOD DETAILS:
   modFile   : /customers/d/d/e/smartviking.no/httpd.www/vqmod/xml/compare_prices.xml
   id        : Compare prices module
   version   : 1.4.x and 1.5.x
   vqmver    : 1.0
   author    : iSenseLabs

File Name    : catalog/view/theme/*/template/product/product.tpl(0)
VQModObject::applyMod - SEARCH NOT FOUND (ABORTING MOD): <a rel="nofollow" href="#tab-related"><?php echo $tab_related; ?> (<?php echo count($products); ?>)</a>

----------------------------------------------------------------------


---------- Date: 2017-12-11 18:04:59 ~ IP : 90.149.53.73 ----------
REQUEST URI : /admin/index.php?route=tool/nitro&amp;token=0a68cdb3a10b68ea63a401878692132c
MOD DETAILS:
   modFile   : /customers/d/d/e/smartviking.no/httpd.www/vqmod/xml/nitro_db.xml
   id        : NitroPack Database Singleton
   version   : 1.8.12
   vqmver    : 2.x
   author    : iSenseLabs | http://isenselabs.com

File Name    : system/library/db.php(0)
VQModObject::applyMod - SEARCH NOT FOUND (SKIPPED): if (file_exists($file)) {

----------------------------------------------------------------------


---------- Date: 2017-12-11 18:05:17 ~ IP : 90.149.53.73 ----------
REQUEST URI : /helse-no/
MOD DETAILS:
   modFile   : /customers/d/d/e/smartviking.no/httpd.www/vqmod/xml/smart_microdata.xml
   id        : Smart Microdata
   version   : 1.0
   vqmver    : 2.3.0
   author    : ovife21

File Name    : catalog/view/theme/*/template/product/category.tpl(0)
VQModObject::applyMod - SEARCH NOT FOUND (ABORTING MOD): <h1

----------------------------------------------------------------------


---------- Date: 2017-12-11 18:27:45 ~ IP : 90.149.53.73 ----------
REQUEST URI : /admin/index.php?route=tool/nitro&amp;token=0a68cdb3a10b68ea63a401878692132c
MOD DETAILS:
   modFile   : /customers/d/d/e/smartviking.no/httpd.www/vqmod/xml/nitro_db.xml
   id        : NitroPack Database Singleton
   version   : 1.8.12
   vqmver    : 2.x
   author    : iSenseLabs | http://isenselabs.com

File Name    : system/library/db.php(0)
VQModObject::applyMod - SEARCH NOT FOUND (SKIPPED): if (file_exists($file)) {

----------------------------------------------------------------------


---------- Date: 2017-12-11 18:28:07 ~ IP : 90.149.53.73 ----------
REQUEST URI : /
MOD DETAILS:
   modFile   : /customers/d/d/e/smartviking.no/httpd.www/vqmod/xml/nitro_db.xml
   id        : NitroPack Database Singleton
   version   : 1.8.12
   vqmver    : 2.x
   author    : iSenseLabs | http://isenselabs.com

File Name    : system/library/db.php(0)
VQModObject::applyMod - SEARCH NOT FOUND (SKIPPED): if (file_exists($file)) {

----------------------------------------------------------------------


---------- Date: 2017-12-11 18:28:32 ~ IP : 90.149.53.73 ----------
REQUEST URI : /hjem-no/
MOD DETAILS:
   modFile   : /customers/d/d/e/smartviking.no/httpd.www/vqmod/xml/smart_microdata.xml
   id        : Smart Microdata
   version   : 1.0
   vqmver    : 2.3.0
   author    : ovife21

File Name    : catalog/view/theme/*/template/product/category.tpl(0)
VQModObject::applyMod - SEARCH NOT FOUND (ABORTING MOD): <h1

----------------------------------------------------------------------


