---------- Date: 2017-12-06 10:22:56 ~ IP : 66.249.64.131 ----------
REQUEST URI : /lyd-bilde-data-mobil-no/ladestasjon-for-iphone-5-5s-no.html
MOD DETAILS:
   modFile   : /customers/d/d/e/smartviking.no/httpd.www/vqmod/xml/smart_microdata.xml
   id        : Smart Microdata
   version   : 1.0
   vqmver    : 2.3.0
   author    : ovife21

File Name    : catalog/view/theme/*/template/product/category.tpl(0)
VQModObject::applyMod - SEARCH NOT FOUND (ABORTING MOD): <h1

----------------------------------------------------------------------


---------- Date: 2017-12-06 10:34:36 ~ IP : 90.149.53.73 ----------
REQUEST URI : /tags/baby
MOD DETAILS:
   modFile   : /customers/d/d/e/smartviking.no/httpd.www/vqmod/xml/smart_microdata.xml
   id        : Smart Microdata
   version   : 1.0
   vqmver    : 2.3.0
   author    : ovife21

File Name    : catalog/view/theme/*/template/product/category.tpl(0)
VQModObject::applyMod - SEARCH NOT FOUND (ABORTING MOD): <h1

----------------------------------------------------------------------


---------- Date: 2017-12-06 10:46:32 ~ IP : 207.46.13.81 ----------
REQUEST URI : /hjem-no/egg-silikon-ring-no.html
MOD DETAILS:
   modFile   : /customers/d/d/e/smartviking.no/httpd.www/vqmod/xml/smart_microdata.xml
   id        : Smart Microdata
   version   : 1.0
   vqmver    : 2.3.0
   author    : ovife21

File Name    : catalog/view/theme/*/template/product/category.tpl(0)
VQModObject::applyMod - SEARCH NOT FOUND (ABORTING MOD): <h1

----------------------------------------------------------------------


